<?xml version="1.0" encoding="UTF-8"?>
<coverage generated="1748246568088" clover="3.2.0">
  <project timestamp="1748246568088" name="All files">
    <metrics statements="31" coveredstatements="28" conditionals="17" coveredconditionals="14" methods="12" coveredmethods="12" elements="60" coveredelements="54" complexity="0" loc="31" ncloc="31" packages="1" files="1" classes="1"/>
    <file name="task-utils.ts" path="D:\Semester 4\project\lib\task-utils.ts">
      <metrics statements="31" coveredstatements="28" conditionals="17" coveredconditionals="14" methods="12" coveredmethods="12"/>
      <line num="3" count="2" type="stmt"/>
      <line num="4" count="2" type="stmt"/>
      <line num="10" count="2" type="stmt"/>
      <line num="11" count="4" type="stmt"/>
      <line num="15" count="2" type="stmt"/>
      <line num="16" count="3" type="stmt"/>
      <line num="19" count="2" type="stmt"/>
      <line num="20" count="2" type="stmt"/>
      <line num="21" count="3" type="stmt"/>
      <line num="22" count="3" type="stmt"/>
      <line num="23" count="3" type="stmt"/>
      <line num="25" count="3" type="stmt"/>
      <line num="26" count="3" type="stmt"/>
      <line num="27" count="3" type="stmt"/>
      <line num="29" count="2" type="cond" truecount="2" falsecount="0"/>
      <line num="31" count="2" type="stmt"/>
      <line num="43" count="4" type="stmt"/>
      <line num="44" count="4" type="stmt"/>
      <line num="46" count="4" type="cond" truecount="3" falsecount="0"/>
      <line num="47" count="2" type="stmt"/>
      <line num="50" count="4" type="cond" truecount="3" falsecount="0"/>
      <line num="51" count="1" type="stmt"/>
      <line num="54" count="4" type="cond" truecount="2" falsecount="1"/>
      <line num="55" count="0" type="stmt"/>
      <line num="58" count="4" type="stmt"/>
      <line num="59" count="4" type="cond" truecount="2" falsecount="1"/>
      <line num="60" count="0" type="stmt"/>
      <line num="63" count="4" type="stmt"/>
      <line num="64" count="4" type="cond" truecount="2" falsecount="1"/>
      <line num="65" count="0" type="stmt"/>
      <line num="68" count="4" type="stmt"/>
    </file>
  </project>
</coverage>
