{"D:\\Semester 4\\project\\lib\\task-utils.ts": {"path":"D:\\Semester 4\\project\\lib\\task-utils.ts","statementMap":{"0":{"start":{"line":15,"column":16},"end":{"line":15,"column":35}},"1":{"start":{"line":19,"column":16},"end":{"line":19,"column":28}},"2":{"start":{"line":3,"column":16},"end":{"line":3,"column":35}},"3":{"start":{"line":43,"column":16},"end":{"line":43,"column":28}},"4":{"start":{"line":4,"column":54},"end":{"line":8,"column":null}},"5":{"start":{"line":10,"column":2},"end":{"line":12,"column":null}},"6":{"start":{"line":11,"column":4},"end":{"line":11,"column":null}},"7":{"start":{"line":16,"column":2},"end":{"line":16,"column":null}},"8":{"start":{"line":16,"column":32},"end":{"line":16,"column":null}},"9":{"start":{"line":20,"column":16},"end":{"line":20,"column":28}},"10":{"start":{"line":21,"column":20},"end":{"line":21,"column":73}},"11":{"start":{"line":21,"column":43},"end":{"line":21,"column":67}},"12":{"start":{"line":22,"column":21},"end":{"line":22,"column":81}},"13":{"start":{"line":22,"column":44},"end":{"line":22,"column":75}},"14":{"start":{"line":23,"column":15},"end":{"line":23,"column":69}},"15":{"start":{"line":23,"column":38},"end":{"line":23,"column":63}},"16":{"start":{"line":25,"column":23},"end":{"line":25,"column":78}},"17":{"start":{"line":25,"column":46},"end":{"line":25,"column":72}},"18":{"start":{"line":26,"column":25},"end":{"line":26,"column":82}},"19":{"start":{"line":26,"column":48},"end":{"line":26,"column":76}},"20":{"start":{"line":27,"column":22},"end":{"line":27,"column":76}},"21":{"start":{"line":27,"column":45},"end":{"line":27,"column":70}},"22":{"start":{"line":29,"column":25},"end":{"line":29,"column":null}},"23":{"start":{"line":31,"column":2},"end":{"line":40,"column":null}},"24":{"start":{"line":44,"column":27},"end":{"line":44,"column":29}},"25":{"start":{"line":46,"column":2},"end":{"line":48,"column":null}},"26":{"start":{"line":47,"column":4},"end":{"line":47,"column":null}},"27":{"start":{"line":50,"column":2},"end":{"line":52,"column":null}},"28":{"start":{"line":51,"column":4},"end":{"line":51,"column":null}},"29":{"start":{"line":54,"column":2},"end":{"line":56,"column":null}},"30":{"start":{"line":55,"column":4},"end":{"line":55,"column":null}},"31":{"start":{"line":58,"column":42},"end":{"line":58,"column":null}},"32":{"start":{"line":59,"column":2},"end":{"line":61,"column":null}},"33":{"start":{"line":60,"column":4},"end":{"line":60,"column":null}},"34":{"start":{"line":63,"column":38},"end":{"line":63,"column":null}},"35":{"start":{"line":64,"column":2},"end":{"line":66,"column":null}},"36":{"start":{"line":65,"column":4},"end":{"line":65,"column":null}},"37":{"start":{"line":68,"column":2},"end":{"line":68,"column":null}}},"fnMap":{"0":{"name":"sortTasksByPriority","decl":{"start":{"line":3,"column":16},"end":{"line":3,"column":35}},"loc":{"start":{"line":3,"column":49},"end":{"line":13,"column":null}}},"1":{"name":"(anonymous_6)","decl":{"start":{"line":10,"column":25},"end":{"line":10,"column":26}},"loc":{"start":{"line":10,"column":29},"end":{"line":12,"column":null}}},"2":{"name":"filterTasksByStatus","decl":{"start":{"line":15,"column":16},"end":{"line":15,"column":35}},"loc":{"start":{"line":15,"column":69},"end":{"line":17,"column":null}}},"3":{"name":"(anonymous_8)","decl":{"start":{"line":16,"column":22},"end":{"line":16,"column":23}},"loc":{"start":{"line":16,"column":32},"end":{"line":16,"column":null}}},"4":{"name":"getTaskStats","decl":{"start":{"line":19,"column":16},"end":{"line":19,"column":28}},"loc":{"start":{"line":19,"column":42},"end":{"line":41,"column":null}}},"5":{"name":"(anonymous_10)","decl":{"start":{"line":21,"column":33},"end":{"line":21,"column":34}},"loc":{"start":{"line":21,"column":43},"end":{"line":21,"column":67}}},"6":{"name":"(anonymous_11)","decl":{"start":{"line":22,"column":34},"end":{"line":22,"column":35}},"loc":{"start":{"line":22,"column":44},"end":{"line":22,"column":75}}},"7":{"name":"(anonymous_12)","decl":{"start":{"line":23,"column":28},"end":{"line":23,"column":29}},"loc":{"start":{"line":23,"column":38},"end":{"line":23,"column":63}}},"8":{"name":"(anonymous_13)","decl":{"start":{"line":25,"column":36},"end":{"line":25,"column":37}},"loc":{"start":{"line":25,"column":46},"end":{"line":25,"column":72}}},"9":{"name":"(anonymous_14)","decl":{"start":{"line":26,"column":38},"end":{"line":26,"column":39}},"loc":{"start":{"line":26,"column":48},"end":{"line":26,"column":76}}},"10":{"name":"(anonymous_15)","decl":{"start":{"line":27,"column":35},"end":{"line":27,"column":36}},"loc":{"start":{"line":27,"column":45},"end":{"line":27,"column":70}}},"11":{"name":"validateTask","decl":{"start":{"line":43,"column":16},"end":{"line":43,"column":28}},"loc":{"start":{"line":43,"column":48},"end":{"line":69,"column":null}}}},"branchMap":{"0":{"loc":{"start":{"line":29,"column":25},"end":{"line":29,"column":null}},"type":"cond-expr","locations":[{"start":{"line":29,"column":37},"end":{"line":29,"column":65}},{"start":{"line":29,"column":65},"end":{"line":29,"column":null}}]},"1":{"loc":{"start":{"line":46,"column":2},"end":{"line":48,"column":null}},"type":"if","locations":[{"start":{"line":46,"column":2},"end":{"line":48,"column":null}}]},"2":{"loc":{"start":{"line":46,"column":6},"end":{"line":46,"column":53}},"type":"binary-expr","locations":[{"start":{"line":46,"column":6},"end":{"line":46,"column":17}},{"start":{"line":46,"column":21},"end":{"line":46,"column":53}}]},"3":{"loc":{"start":{"line":50,"column":2},"end":{"line":52,"column":null}},"type":"if","locations":[{"start":{"line":50,"column":2},"end":{"line":52,"column":null}}]},"4":{"loc":{"start":{"line":50,"column":6},"end":{"line":50,"column":45}},"type":"binary-expr","locations":[{"start":{"line":50,"column":6},"end":{"line":50,"column":16}},{"start":{"line":50,"column":20},"end":{"line":50,"column":45}}]},"5":{"loc":{"start":{"line":54,"column":2},"end":{"line":56,"column":null}},"type":"if","locations":[{"start":{"line":54,"column":2},"end":{"line":56,"column":null}}]},"6":{"loc":{"start":{"line":54,"column":6},"end":{"line":54,"column":57}},"type":"binary-expr","locations":[{"start":{"line":54,"column":6},"end":{"line":54,"column":22}},{"start":{"line":54,"column":26},"end":{"line":54,"column":57}}]},"7":{"loc":{"start":{"line":59,"column":2},"end":{"line":61,"column":null}},"type":"if","locations":[{"start":{"line":59,"column":2},"end":{"line":61,"column":null}}]},"8":{"loc":{"start":{"line":59,"column":6},"end":{"line":59,"column":65}},"type":"binary-expr","locations":[{"start":{"line":59,"column":6},"end":{"line":59,"column":19}},{"start":{"line":59,"column":23},"end":{"line":59,"column":65}}]},"9":{"loc":{"start":{"line":64,"column":2},"end":{"line":66,"column":null}},"type":"if","locations":[{"start":{"line":64,"column":2},"end":{"line":66,"column":null}}]},"10":{"loc":{"start":{"line":64,"column":6},"end":{"line":64,"column":59}},"type":"binary-expr","locations":[{"start":{"line":64,"column":6},"end":{"line":64,"column":17}},{"start":{"line":64,"column":21},"end":{"line":64,"column":59}}]}},"s":{"0":2,"1":2,"2":2,"3":4,"4":2,"5":2,"6":4,"7":2,"8":3,"9":2,"10":2,"11":3,"12":2,"13":3,"14":2,"15":3,"16":2,"17":3,"18":2,"19":3,"20":2,"21":3,"22":2,"23":2,"24":4,"25":4,"26":2,"27":4,"28":1,"29":4,"30":0,"31":4,"32":4,"33":0,"34":4,"35":4,"36":0,"37":4},"f":{"0":2,"1":4,"2":2,"3":3,"4":2,"5":3,"6":3,"7":3,"8":3,"9":3,"10":3,"11":4},"b":{"0":[1,1],"1":[2],"2":[4,3],"3":[1],"4":[4,3],"5":[0],"6":[4,4],"7":[0],"8":[4,4],"9":[0],"10":[4,4]}}
}
