TN:
SF:lib\task-utils.ts
FN:3,sortTasksByPriority
FN:10,(anonymous_6)
FN:15,filterTasksByStatus
FN:16,(anonymous_8)
FN:19,getTaskStats
FN:21,(anonymous_10)
FN:22,(anonymous_11)
FN:23,(anonymous_12)
FN:25,(anonymous_13)
FN:26,(anonymous_14)
FN:27,(anonymous_15)
FN:43,validateTask
FNF:12
FNH:12
FNDA:2,sortTasksByPriority
FNDA:4,(anonymous_6)
FNDA:2,filterTasksByStatus
FNDA:3,(anonymous_8)
FNDA:2,getTaskStats
FNDA:3,(anonymous_10)
FNDA:3,(anonymous_11)
FNDA:3,(anonymous_12)
FNDA:3,(anonymous_13)
FNDA:3,(anonymous_14)
FNDA:3,(anonymous_15)
FNDA:4,validateTask
DA:3,2
DA:4,2
DA:10,2
DA:11,4
DA:15,2
DA:16,3
DA:19,2
DA:20,2
DA:21,3
DA:22,3
DA:23,3
DA:25,3
DA:26,3
DA:27,3
DA:29,2
DA:31,2
DA:43,4
DA:44,4
DA:46,4
DA:47,2
DA:50,4
DA:51,1
DA:54,4
DA:55,0
DA:58,4
DA:59,4
DA:60,0
DA:63,4
DA:64,4
DA:65,0
DA:68,4
LF:31
LH:28
BRDA:29,0,0,1
BRDA:29,0,1,1
BRDA:46,1,0,2
BRDA:46,2,0,4
BRDA:46,2,1,3
BRDA:50,3,0,1
BRDA:50,4,0,4
BRDA:50,4,1,3
BRDA:54,5,0,0
BRDA:54,6,0,4
BRDA:54,6,1,4
BRDA:59,7,0,0
BRDA:59,8,0,4
BRDA:59,8,1,4
BRDA:64,9,0,0
BRDA:64,10,0,4
BRDA:64,10,1,4
BRF:17
BRH:14
end_of_record
